[2022-11-08 15:08:10] local.ERROR: require(D:\Campuses\Apiit\Final Year\Final Year Project\development\fyp\routes/api.php): Failed to open stream: No such file or directory {"exception":"[object] (ErrorException(code: 0): require(D:\\Campuses\\Apiit\\Final Year\\Final Year Project\\development\\fyp\\routes/api.php): Failed to open stream: No such file or directory at D:\\Campuses\\Apiit\\Final Year\\Final Year Project\\development\\fyp\\vendor\\laravel\\framework\\src\\Illuminate\\Routing\\RouteFileRegistrar.php:35)
[stacktrace]
#0 D:\\Campuses\\Apiit\\Final Year\\Final Year Project\\development\\fyp\\vendor\\laravel\\framework\\src\\Illuminate\\Foundation\\Bootstrap\\HandleExceptions.php(259): Illuminate\\Foundation\\Bootstrap\\HandleExceptions->handleError(2, 'require(D:\\\\Camp...', 'D:\\\\Campuses\\\\Api...', 35)
#1 D:\\Campuses\\Apiit\\Final Year\\Final Year Project\\development\\fyp\\vendor\\laravel\\framework\\src\\Illuminate\\Routing\\RouteFileRegistrar.php(35): Illuminate\\Foundation\\Bootstrap\\HandleExceptions->Illuminate\\Foundation\\Bootstrap\\{closure}(2, 'require(D:\\\\Camp...', 'D:\\\\Campuses\\\\Api...', 35)
#2 D:\\Campuses\\Apiit\\Final Year\\Final Year Project\\development\\fyp\\vendor\\laravel\\framework\\src\\Illuminate\\Routing\\RouteFileRegistrar.php(35): require('D:\\\\Campuses\\\\Api...')
#3 D:\\Campuses\\Apiit\\Final Year\\Final Year Project\\development\\fyp\\vendor\\laravel\\framework\\src\\Illuminate\\Routing\\Router.php(430): Illuminate\\Routing\\RouteFileRegistrar->register('D:\\\\Campuses\\\\Api...')
#4 D:\\Campuses\\Apiit\\Final Year\\Final Year Project\\development\\fyp\\vendor\\laravel\\framework\\src\\Illuminate\\Routing\\Router.php(386): Illuminate\\Routing\\Router->loadRoutes('D:\\\\Campuses\\\\Api...')
#5 D:\\Campuses\\Apiit\\Final Year\\Final Year Project\\development\\fyp\\vendor\\laravel\\framework\\src\\Illuminate\\Routing\\RouteRegistrar.php(166): Illuminate\\Routing\\Router->group(Array, 'D:\\\\Campuses\\\\Api...')
#6 D:\\Campuses\\Apiit\\Final Year\\Final Year Project\\development\\fyp\\app\\Providers\\RouteServiceProvider.php(44): Illuminate\\Routing\\RouteRegistrar->group('D:\\\\Campuses\\\\Api...')
#7 D:\\Campuses\\Apiit\\Final Year\\Final Year Project\\development\\fyp\\vendor\\laravel\\framework\\src\\Illuminate\\Container\\BoundMethod.php(36): App\\Providers\\RouteServiceProvider->App\\Providers\\{closure}()
#8 D:\\Campuses\\Apiit\\Final Year\\Final Year Project\\development\\fyp\\vendor\\laravel\\framework\\src\\Illuminate\\Container\\Util.php(41): Illuminate\\Container\\BoundMethod::Illuminate\\Container\\{closure}()
#9 D:\\Campuses\\Apiit\\Final Year\\Final Year Project\\development\\fyp\\vendor\\laravel\\framework\\src\\Illuminate\\Container\\BoundMethod.php(81): Illuminate\\Container\\Util::unwrapIfClosure(Object(Closure))
#10 D:\\Campuses\\Apiit\\Final Year\\Final Year Project\\development\\fyp\\vendor\\laravel\\framework\\src\\Illuminate\\Container\\BoundMethod.php(37): Illuminate\\Container\\BoundMethod::callBoundMethod(Object(Illuminate\\Foundation\\Application), Object(Closure), Object(Closure))
#11 D:\\Campuses\\Apiit\\Final Year\\Final Year Project\\development\\fyp\\vendor\\laravel\\framework\\src\\Illuminate\\Container\\Container.php(651): Illuminate\\Container\\BoundMethod::call(Object(Illuminate\\Foundation\\Application), Object(Closure), Array, NULL)
#12 D:\\Campuses\\Apiit\\Final Year\\Final Year Project\\development\\fyp\\vendor\\laravel\\framework\\src\\Illuminate\\Foundation\\Support\\Providers\\RouteServiceProvider.php(120): Illuminate\\Container\\Container->call(Object(Closure))
#13 D:\\Campuses\\Apiit\\Final Year\\Final Year Project\\development\\fyp\\vendor\\laravel\\framework\\src\\Illuminate\\Foundation\\Support\\Providers\\RouteServiceProvider.php(45): Illuminate\\Foundation\\Support\\Providers\\RouteServiceProvider->loadRoutes()
#14 D:\\Campuses\\Apiit\\Final Year\\Final Year Project\\development\\fyp\\vendor\\laravel\\framework\\src\\Illuminate\\Container\\BoundMethod.php(36): Illuminate\\Foundation\\Support\\Providers\\RouteServiceProvider->Illuminate\\Foundation\\Support\\Providers\\{closure}()
#15 D:\\Campuses\\Apiit\\Final Year\\Final Year Project\\development\\fyp\\vendor\\laravel\\framework\\src\\Illuminate\\Container\\Util.php(41): Illuminate\\Container\\BoundMethod::Illuminate\\Container\\{closure}()
#16 D:\\Campuses\\Apiit\\Final Year\\Final Year Project\\development\\fyp\\vendor\\laravel\\framework\\src\\Illuminate\\Container\\BoundMethod.php(81): Illuminate\\Container\\Util::unwrapIfClosure(Object(Closure))
#17 D:\\Campuses\\Apiit\\Final Year\\Final Year Project\\development\\fyp\\vendor\\laravel\\framework\\src\\Illuminate\\Container\\BoundMethod.php(37): Illuminate\\Container\\BoundMethod::callBoundMethod(Object(Illuminate\\Foundation\\Application), Object(Closure), Object(Closure))
#18 D:\\Campuses\\Apiit\\Final Year\\Final Year Project\\development\\fyp\\vendor\\laravel\\framework\\src\\Illuminate\\Container\\Container.php(651): Illuminate\\Container\\BoundMethod::call(Object(Illuminate\\Foundation\\Application), Object(Closure), Array, NULL)
#19 D:\\Campuses\\Apiit\\Final Year\\Final Year Project\\development\\fyp\\vendor\\laravel\\framework\\src\\Illuminate\\Support\\ServiceProvider.php(119): Illuminate\\Container\\Container->call(Object(Closure))
#20 D:\\Campuses\\Apiit\\Final Year\\Final Year Project\\development\\fyp\\vendor\\laravel\\framework\\src\\Illuminate\\Foundation\\Application.php(936): Illuminate\\Support\\ServiceProvider->callBootedCallbacks()
#21 D:\\Campuses\\Apiit\\Final Year\\Final Year Project\\development\\fyp\\vendor\\laravel\\framework\\src\\Illuminate\\Foundation\\Application.php(914): Illuminate\\Foundation\\Application->bootProvider(Object(App\\Providers\\RouteServiceProvider))
#22 [internal function]: Illuminate\\Foundation\\Application->Illuminate\\Foundation\\{closure}(Object(App\\Providers\\RouteServiceProvider), 25)
#23 D:\\Campuses\\Apiit\\Final Year\\Final Year Project\\development\\fyp\\vendor\\laravel\\framework\\src\\Illuminate\\Foundation\\Application.php(915): array_walk(Array, Object(Closure))
#24 D:\\Campuses\\Apiit\\Final Year\\Final Year Project\\development\\fyp\\vendor\\laravel\\framework\\src\\Illuminate\\Foundation\\Bootstrap\\BootProviders.php(17): Illuminate\\Foundation\\Application->boot()
#25 D:\\Campuses\\Apiit\\Final Year\\Final Year Project\\development\\fyp\\vendor\\laravel\\framework\\src\\Illuminate\\Foundation\\Application.php(242): Illuminate\\Foundation\\Bootstrap\\BootProviders->bootstrap(Object(Illuminate\\Foundation\\Application))
#26 D:\\Campuses\\Apiit\\Final Year\\Final Year Project\\development\\fyp\\vendor\\laravel\\framework\\src\\Illuminate\\Foundation\\Console\\Kernel.php(383): Illuminate\\Foundation\\Application->bootstrapWith(Array)
#27 D:\\Campuses\\Apiit\\Final Year\\Final Year Project\\development\\fyp\\vendor\\laravel\\framework\\src\\Illuminate\\Foundation\\Console\\Kernel.php(153): Illuminate\\Foundation\\Console\\Kernel->bootstrap()
#28 D:\\Campuses\\Apiit\\Final Year\\Final Year Project\\development\\fyp\\artisan(37): Illuminate\\Foundation\\Console\\Kernel->handle(Object(Symfony\\Component\\Console\\Input\\ArgvInput), Object(Symfony\\Component\\Console\\Output\\ConsoleOutput))
#29 {main}
"} 
